

Started GET "/index.html" for 127.0.0.1 at Sun Feb 20 23:22:55 -0800 2011

ActionController::RoutingError (No route matches "/index.html"):
  

Rendered /Library/Ruby/Gems/1.8/gems/actionpack-3.0.4/lib/action_dispatch/middleware/templates/rescues/routing_error.erb within rescues/layout (0.8ms)


Started GET "/index.html" for 127.0.0.1 at Sun Feb 20 23:24:59 -0800 2011

ActionController::RoutingError (No route matches "/index.html"):
  

Rendered /Library/Ruby/Gems/1.8/gems/actionpack-3.0.4/lib/action_dispatch/middleware/templates/rescues/routing_error.erb within rescues/layout (0.7ms)


Started GET "/index.html" for 127.0.0.1 at Sun Feb 20 23:25:21 -0800 2011

ActionController::RoutingError (No route matches "/index.html"):
  

Rendered /Library/Ruby/Gems/1.8/gems/actionpack-3.0.4/lib/action_dispatch/middleware/templates/rescues/routing_error.erb within rescues/layout (0.6ms)


Started GET "/index.html" for 127.0.0.1 at Sun Feb 20 23:25:22 -0800 2011

ActionController::RoutingError (No route matches "/index.html"):
  

Rendered /Library/Ruby/Gems/1.8/gems/actionpack-3.0.4/lib/action_dispatch/middleware/templates/rescues/routing_error.erb within rescues/layout (0.7ms)


Started GET "/" for 127.0.0.1 at Sun Feb 20 23:26:05 -0800 2011
  Processing by HomeController#index as HTML
Rendered home/index.html.erb within layouts/application (1.5ms)
Completed 200 OK in 8ms (Views: 7.1ms | ActiveRecord: 0.0ms)
  [1m[36mSQL (0.2ms)[0m  [1m SELECT name
 FROM sqlite_master
 WHERE type = 'table' AND NOT name = 'sqlite_sequence'
[0m
  [1m[35mSQL (0.1ms)[0m  select sqlite_version(*)
  [1m[36mSQL (35.1ms)[0m  [1mCREATE TABLE "schema_migrations" ("version" varchar(255) NOT NULL) [0m
  [1m[35mSQL (0.0ms)[0m  PRAGMA index_list("schema_migrations")
  [1m[36mSQL (3.6ms)[0m  [1mCREATE UNIQUE INDEX "unique_schema_migrations" ON "schema_migrations" ("version")[0m
  [1m[35mSQL (0.1ms)[0m   SELECT name
 FROM sqlite_master
 WHERE type = 'table' AND NOT name = 'sqlite_sequence'
  [1m[36mSQL (0.1ms)[0m  [1m SELECT name
 FROM sqlite_master
 WHERE type = 'table' AND NOT name = 'sqlite_sequence'
[0m
  [1m[35mSQL (0.1ms)[0m  SELECT "schema_migrations"."version" FROM "schema_migrations"
Migrating to CreateUsers (20110221072852)
  [1m[36mSQL (0.4ms)[0m  [1mCREATE TABLE "users" ("id" INTEGER PRIMARY KEY AUTOINCREMENT NOT NULL, "first_name" varchar(255), "last_name" varchar(255), "facebook_id" varchar(255), "created_at" datetime, "updated_at" datetime) [0m
  [1m[35mSQL (0.1ms)[0m  INSERT INTO "schema_migrations" ("version") VALUES ('20110221072852')
  [1m[36mSQL (0.2ms)[0m  [1m SELECT name
 FROM sqlite_master
 WHERE type = 'table' AND NOT name = 'sqlite_sequence'
[0m
  [1m[35mSQL (0.1ms)[0m  SELECT "schema_migrations"."version" FROM "schema_migrations"
  [1m[36mSQL (0.1ms)[0m  [1m SELECT name
 FROM sqlite_master
 WHERE type = 'table' AND NOT name = 'sqlite_sequence'
[0m
  [1m[35mSQL (0.0ms)[0m  PRAGMA index_list("users")


Started GET "/" for 127.0.0.1 at Sun Feb 20 23:35:44 -0800 2011
  Processing by HomeController#index as HTML
Rendered home/index.html.erb within layouts/application (1.8ms)
Completed 200 OK in 6ms (Views: 6.0ms | ActiveRecord: 0.0ms)


Started GET "/users" for 127.0.0.1 at Sun Feb 20 23:35:45 -0800 2011
  Processing by UsersController#index as HTML
  [1m[36mUser Load (0.3ms)[0m  [1mSELECT "users".* FROM "users"[0m
Rendered users/index.html.erb within layouts/application (2.1ms)
Completed 200 OK in 22ms (Views: 6.7ms | ActiveRecord: 0.3ms)


Started GET "/users/new" for 127.0.0.1 at Sun Feb 20 23:35:47 -0800 2011
  Processing by UsersController#new as HTML
Rendered users/_form.html.erb (92.8ms)
Rendered users/new.html.erb within layouts/application (96.4ms)
Completed 200 OK in 104ms (Views: 100.8ms | ActiveRecord: 0.0ms)


Started POST "/users" for 127.0.0.1 at Sun Feb 20 23:36:44 -0800 2011
  Processing by UsersController#create as HTML
  Parameters: {"commit"=>"Create User", "authenticity_token"=>"nSh+7YSdu6WFGkBkEXpgHCecyVMBcKt92gwlz17YDS0=", "utf8"=>"✓", "user"=>{"facebook_id"=>"francispotter", "last_name"=>"Potter", "first_name"=>"Francis"}}
  [1m[35mSQL (0.1ms)[0m   SELECT name
 FROM sqlite_master
 WHERE type = 'table' AND NOT name = 'sqlite_sequence'
  [1m[36mAREL (0.3ms)[0m  [1mINSERT INTO "users" ("updated_at", "first_name", "facebook_id", "created_at", "last_name") VALUES ('2011-02-21 07:36:44.273023', 'Francis', 'francispotter', '2011-02-21 07:36:44.273023', 'Potter')[0m
Redirected to http://localhost:3000/users/1
Completed 302 Found in 15ms


Started GET "/users/1" for 127.0.0.1 at Sun Feb 20 23:36:44 -0800 2011
  Processing by UsersController#show as HTML
  Parameters: {"id"=>"1"}
  [1m[35mUser Load (0.1ms)[0m  SELECT "users".* FROM "users" WHERE "users"."id" = 1 LIMIT 1
Rendered users/show.html.erb within layouts/application (6.2ms)
Completed 200 OK in 58ms (Views: 12.0ms | ActiveRecord: 0.6ms)


Started GET "/users" for 127.0.0.1 at Sun Feb 20 23:36:47 -0800 2011
  Processing by UsersController#index as HTML
  [1m[36mUser Load (0.3ms)[0m  [1mSELECT "users".* FROM "users"[0m
Rendered users/index.html.erb within layouts/application (5.7ms)
Completed 200 OK in 14ms (Views: 10.3ms | ActiveRecord: 0.3ms)


Started GET "/users.xml" for 127.0.0.1 at Sun Feb 20 23:38:13 -0800 2011
  Processing by UsersController#index as XML
  [1m[35mUser Load (0.5ms)[0m  SELECT "users".* FROM "users"
Completed 200 OK in 138ms (Views: 131.6ms | ActiveRecord: 0.5ms)


Started GET "/users/1" for 127.0.0.1 at Sun Feb 20 23:38:19 -0800 2011
  Processing by UsersController#show as HTML
  Parameters: {"id"=>"1"}
  [1m[36mUser Load (0.1ms)[0m  [1mSELECT "users".* FROM "users" WHERE "users"."id" = 1 LIMIT 1[0m
Rendered users/show.html.erb within layouts/application (4.5ms)
Completed 200 OK in 13ms (Views: 8.7ms | ActiveRecord: 0.1ms)


Started GET "/users/1.xml" for 127.0.0.1 at Sun Feb 20 23:38:22 -0800 2011
  Processing by UsersController#show as XML
  Parameters: {"id"=>"1"}
  [1m[35mUser Load (0.1ms)[0m  SELECT "users".* FROM "users" WHERE "users"."id" = 1 LIMIT 1
Completed 200 OK in 10ms (Views: 5.4ms | ActiveRecord: 0.1ms)


Started GET "/users/1.xml" for 127.0.0.1 at Sun Feb 20 23:49:18 -0800 2011
  Processing by UsersController#show as XML
  Parameters: {"id"=>"1"}
  [1m[36mSQL (0.4ms)[0m  [1m SELECT name
 FROM sqlite_master
 WHERE type = 'table' AND NOT name = 'sqlite_sequence'
[0m
  [1m[35mUser Load (0.1ms)[0m  SELECT "users".* FROM "users" WHERE "users"."id" = 1 LIMIT 1
Completed 200 OK in 78ms (Views: 62.4ms | ActiveRecord: 0.5ms)
  [1m[36mSQL (0.4ms)[0m  [1m SELECT name
 FROM sqlite_master
 WHERE type = 'table' AND NOT name = 'sqlite_sequence'
[0m
  [1m[35mSQL (0.1ms)[0m   SELECT name
 FROM sqlite_master
 WHERE type = 'table' AND NOT name = 'sqlite_sequence'
  [1m[36mSQL (0.1ms)[0m  [1mSELECT "schema_migrations"."version" FROM "schema_migrations"[0m
  [1m[36mSQL (0.3ms)[0m  [1m SELECT name
 FROM sqlite_master
 WHERE type = 'table' AND NOT name = 'sqlite_sequence'
[0m
  [1m[35mSQL (0.1ms)[0m   SELECT name
 FROM sqlite_master
 WHERE type = 'table' AND NOT name = 'sqlite_sequence'
  [1m[36mSQL (0.1ms)[0m  [1mSELECT "schema_migrations"."version" FROM "schema_migrations"[0m
Migrating to CreateUsers (20110221072852)
Migrating to CreateTargets (20110221173715)
  [1m[35mSQL (0.1ms)[0m  select sqlite_version(*)
  [1m[36mSQL (0.4ms)[0m  [1mCREATE TABLE "targets" ("id" INTEGER PRIMARY KEY AUTOINCREMENT NOT NULL, "name" varchar(255), "description" text, "right_ascension" decimal(15,12), "declination" decimal(15,12), "created_at" datetime, "updated_at" datetime) [0m
  [1m[35mSQL (0.1ms)[0m  INSERT INTO "schema_migrations" ("version") VALUES ('20110221173715')
  [1m[36mSQL (0.2ms)[0m  [1m SELECT name
 FROM sqlite_master
 WHERE type = 'table' AND NOT name = 'sqlite_sequence'
[0m
  [1m[35mSQL (0.1ms)[0m  SELECT "schema_migrations"."version" FROM "schema_migrations"
  [1m[36mSQL (0.1ms)[0m  [1m SELECT name
 FROM sqlite_master
 WHERE type = 'table' AND NOT name = 'sqlite_sequence'
[0m
  [1m[35mSQL (0.0ms)[0m  PRAGMA index_list("targets")
  [1m[36mSQL (0.0ms)[0m  [1mPRAGMA index_list("users")[0m


Started GET "/" for 127.0.0.1 at Mon Feb 21 09:39:22 -0800 2011
  Processing by HomeController#index as HTML
Rendered home/index.html.erb within layouts/application (2.2ms)
Completed 200 OK in 8ms (Views: 7.8ms | ActiveRecord: 0.0ms)


Started GET "/" for 127.0.0.1 at Mon Feb 21 09:39:54 -0800 2011
  Processing by HomeController#index as HTML
Rendered home/index.html.erb within layouts/application (1.9ms)
Completed 200 OK in 7ms (Views: 6.5ms | ActiveRecord: 0.0ms)


Started GET "/" for 127.0.0.1 at Mon Feb 21 09:40:31 -0800 2011
  Processing by HomeController#index as HTML
Rendered home/index.html.erb within layouts/application (2.2ms)
Completed 200 OK in 7ms (Views: 6.5ms | ActiveRecord: 0.0ms)


Started GET "/targets" for 127.0.0.1 at Mon Feb 21 09:40:34 -0800 2011
  Processing by TargetsController#index as HTML
  [1m[36mTarget Load (0.3ms)[0m  [1mSELECT "targets".* FROM "targets"[0m
Rendered targets/index.html.erb within layouts/application (2.3ms)
Completed 200 OK in 65ms (Views: 6.8ms | ActiveRecord: 0.3ms)


Started GET "/targets/new" for 127.0.0.1 at Mon Feb 21 09:40:36 -0800 2011
  Processing by TargetsController#new as HTML
Rendered targets/_form.html.erb (9.1ms)
Rendered targets/new.html.erb within layouts/application (12.4ms)
Completed 200 OK in 20ms (Views: 17.0ms | ActiveRecord: 0.0ms)


Started GET "/targets" for 127.0.0.1 at Mon Feb 21 09:43:49 -0800 2011
  Processing by TargetsController#index as HTML
  [1m[35mTarget Load (0.4ms)[0m  SELECT "targets".* FROM "targets"
Rendered targets/index.html.erb within layouts/application (2.1ms)
Completed 200 OK in 11ms (Views: 6.9ms | ActiveRecord: 0.4ms)


Started GET "/users" for 127.0.0.1 at Mon Feb 21 09:43:52 -0800 2011
  Processing by UsersController#index as HTML
  [1m[36mUser Load (0.4ms)[0m  [1mSELECT "users".* FROM "users"[0m
Rendered users/index.html.erb within layouts/application (5.6ms)
Completed 200 OK in 15ms (Views: 10.8ms | ActiveRecord: 0.4ms)


Started GET "/users/1" for 127.0.0.1 at Mon Feb 21 09:43:56 -0800 2011
  Processing by UsersController#show as HTML
  Parameters: {"id"=>"1"}
  [1m[35mSQL (0.3ms)[0m   SELECT name
 FROM sqlite_master
 WHERE type = 'table' AND NOT name = 'sqlite_sequence'
  [1m[36mUser Load (0.2ms)[0m  [1mSELECT "users".* FROM "users" WHERE "users"."id" = 1 LIMIT 1[0m
Rendered users/show.html.erb within layouts/application (4.8ms)
Completed 200 OK in 15ms (Views: 9.7ms | ActiveRecord: 0.5ms)


Started GET "/users/1/edit" for 127.0.0.1 at Mon Feb 21 10:01:54 -0800 2011
  Processing by UsersController#edit as HTML
  Parameters: {"id"=>"1"}
  [1m[35mUser Load (0.6ms)[0m  SELECT "users".* FROM "users" WHERE "users"."id" = 1 LIMIT 1
Rendered users/_form.html.erb (6.0ms)
Rendered users/edit.html.erb within layouts/application (9.8ms)
Completed 200 OK in 19ms (Views: 14.4ms | ActiveRecord: 0.6ms)


Started POST "/users/1" for 127.0.0.1 at Mon Feb 21 10:01:58 -0800 2011
  Processing by UsersController#update as HTML
  Parameters: {"commit"=>"Update User", "authenticity_token"=>"nSh+7YSdu6WFGkBkEXpgHCecyVMBcKt92gwlz17YDS0=", "utf8"=>"✓", "id"=>"1", "user"=>{"facebook_id"=>"790800257", "last_name"=>"Potter", "first_name"=>"Francis"}}
  [1m[36mUser Load (0.1ms)[0m  [1mSELECT "users".* FROM "users" WHERE "users"."id" = 1 LIMIT 1[0m
  [1m[35mAREL (0.4ms)[0m  UPDATE "users" SET "facebook_id" = '790800257', "updated_at" = '2011-02-21 18:01:58.956941' WHERE "users"."id" = 1
Redirected to http://localhost:3000/users/1
Completed 302 Found in 15ms


Started GET "/users/1" for 127.0.0.1 at Mon Feb 21 10:01:58 -0800 2011
  Processing by UsersController#show as HTML
  Parameters: {"id"=>"1"}
  [1m[36mUser Load (0.1ms)[0m  [1mSELECT "users".* FROM "users" WHERE "users"."id" = 1 LIMIT 1[0m
Rendered users/show.html.erb within layouts/application (5.5ms)
Completed 200 OK in 16ms (Views: 11.2ms | ActiveRecord: 0.1ms)


Started GET "/users/1.xml" for 127.0.0.1 at Mon Feb 21 10:22:29 -0800 2011
  Processing by UsersController#show as XML
  Parameters: {"id"=>"1"}
  [1m[35mUser Load (0.1ms)[0m  SELECT "users".* FROM "users" WHERE "users"."id" = 1 LIMIT 1
Completed 200 OK in 172ms (Views: 140.6ms | ActiveRecord: 0.1ms)
  [1m[36mSQL (0.4ms)[0m  [1m SELECT name
 FROM sqlite_master
 WHERE type = 'table' AND NOT name = 'sqlite_sequence'
[0m
  [1m[35mUser Load (0.1ms)[0m  SELECT "users".* FROM "users" WHERE "users"."id" = 1 LIMIT 1
  [1m[36mUser Load (0.2ms)[0m  [1mSELECT "users".* FROM "users" WHERE "users"."facebook_id" = '12' LIMIT 1[0m
  [1m[35mUser Load (0.4ms)[0m  SELECT "users".* FROM "users" WHERE "users"."facebook_id" = '790800257' LIMIT 1
  [1m[36mSQL (0.4ms)[0m  [1m SELECT name
 FROM sqlite_master
 WHERE type = 'table' AND NOT name = 'sqlite_sequence'
[0m
  [1m[35mUser Load (0.1ms)[0m  SELECT "users".* FROM "users" WHERE "users"."id" = 1 LIMIT 1
DEPRECATION WARNING: ActionController::Routing::Routes is deprecated. Instead, use Rails.application.routes. (called from irb_binding at (irb):2)


Started GET "/users/790800257.xml" for 127.0.0.1 at Mon Feb 21 11:39:07 -0800 2011
  Processing by UsersController#show as XML
  Parameters: {"id"=>"790800257"}
Completed   in 3ms

SyntaxError (/Users/francispotter/Documents/Git/SETIQuest/rails/app/models/user.rb:4: syntax error, unexpected $end, expecting kEND):
  app/controllers/users_controller.rb:16:in `show'

Rendered /Library/Ruby/Gems/1.8/gems/actionpack-3.0.4/lib/action_dispatch/middleware/templates/rescues/_trace.erb (0.8ms)
Rendered /Library/Ruby/Gems/1.8/gems/actionpack-3.0.4/lib/action_dispatch/middleware/templates/rescues/_request_and_response.erb (4.1ms)
Rendered /Library/Ruby/Gems/1.8/gems/actionpack-3.0.4/lib/action_dispatch/middleware/templates/rescues/diagnostics.erb within rescues/layout (9.5ms)


Started GET "/users/790800257.xml" for 127.0.0.1 at Mon Feb 21 11:39:46 -0800 2011
  Processing by UsersController#show as XML
  Parameters: {"id"=>"790800257"}
  [1m[36mUser Load (0.1ms)[0m  [1mSELECT "users".* FROM "users" WHERE "users"."id" = 790800257 LIMIT 1[0m
Completed   in 5ms

ActiveRecord::RecordNotFound (Couldn't find User with ID=790800257):
  app/controllers/users_controller.rb:16:in `show'

Rendered /Library/Ruby/Gems/1.8/gems/actionpack-3.0.4/lib/action_dispatch/middleware/templates/rescues/_trace.erb (0.8ms)
Rendered /Library/Ruby/Gems/1.8/gems/actionpack-3.0.4/lib/action_dispatch/middleware/templates/rescues/_request_and_response.erb (3.9ms)
Rendered /Library/Ruby/Gems/1.8/gems/actionpack-3.0.4/lib/action_dispatch/middleware/templates/rescues/diagnostics.erb within rescues/layout (8.8ms)


Started GET "/users/1.xml" for 127.0.0.1 at Mon Feb 21 11:39:50 -0800 2011
  Processing by UsersController#show as XML
  Parameters: {"id"=>"1"}
  [1m[35mUser Load (0.1ms)[0m  SELECT "users".* FROM "users" WHERE "users"."id" = 1 LIMIT 1
Completed 200 OK in 10ms (Views: 5.4ms | ActiveRecord: 0.3ms)


Started GET "/users/1.xml" for 127.0.0.1 at Mon Feb 21 11:39:53 -0800 2011
  Processing by UsersController#show as XML
  Parameters: {"id"=>"1"}
  [1m[36mUser Load (0.1ms)[0m  [1mSELECT "users".* FROM "users" WHERE "users"."id" = 1 LIMIT 1[0m
Completed 200 OK in 58ms (Views: 5.0ms | ActiveRecord: 0.1ms)


Started GET "/users/790800257" for 127.0.0.1 at Mon Feb 21 11:40:22 -0800 2011
  Processing by UsersController#show as HTML
  Parameters: {"id"=>"790800257"}
Completed   in 3ms

SyntaxError (/Users/francispotter/Documents/Git/SETIQuest/rails/app/models/user.rb:4: syntax error, unexpected $end, expecting kEND):
  app/controllers/users_controller.rb:16:in `show'

Rendered /Library/Ruby/Gems/1.8/gems/actionpack-3.0.4/lib/action_dispatch/middleware/templates/rescues/_trace.erb (1.0ms)
Rendered /Library/Ruby/Gems/1.8/gems/actionpack-3.0.4/lib/action_dispatch/middleware/templates/rescues/_request_and_response.erb (3.9ms)
Rendered /Library/Ruby/Gems/1.8/gems/actionpack-3.0.4/lib/action_dispatch/middleware/templates/rescues/diagnostics.erb within rescues/layout (8.8ms)


Started GET "/users/790800257" for 127.0.0.1 at Mon Feb 21 11:41:15 -0800 2011
  Processing by UsersController#show as HTML
  Parameters: {"id"=>"790800257"}
  [1m[35mUser Load (0.1ms)[0m  SELECT "users".* FROM "users" WHERE "users"."id" = 790800257 LIMIT 1
Completed   in 5ms

ActiveRecord::RecordNotFound (Couldn't find User with ID=790800257):
  app/controllers/users_controller.rb:16:in `show'

Rendered /Library/Ruby/Gems/1.8/gems/actionpack-3.0.4/lib/action_dispatch/middleware/templates/rescues/_trace.erb (0.9ms)
Rendered /Library/Ruby/Gems/1.8/gems/actionpack-3.0.4/lib/action_dispatch/middleware/templates/rescues/_request_and_response.erb (3.9ms)
Rendered /Library/Ruby/Gems/1.8/gems/actionpack-3.0.4/lib/action_dispatch/middleware/templates/rescues/diagnostics.erb within rescues/layout (8.5ms)


Started GET "/users/1" for 127.0.0.1 at Mon Feb 21 11:41:19 -0800 2011
  Processing by UsersController#show as HTML
  Parameters: {"id"=>"1"}
  [1m[36mUser Load (0.1ms)[0m  [1mSELECT "users".* FROM "users" WHERE "users"."id" = 1 LIMIT 1[0m
Rendered users/show.html.erb within layouts/application (5.6ms)
Completed 200 OK in 15ms (Views: 10.6ms | ActiveRecord: 0.2ms)


Started GET "/users/1" for 127.0.0.1 at Mon Feb 21 11:41:21 -0800 2011
  Processing by UsersController#show as HTML
  Parameters: {"id"=>"1"}
  [1m[35mUser Load (0.1ms)[0m  SELECT "users".* FROM "users" WHERE "users"."id" = 1 LIMIT 1
Rendered users/show.html.erb within layouts/application (5.6ms)
Completed 200 OK in 15ms (Views: 10.7ms | ActiveRecord: 0.1ms)


Started GET "/users/1" for 127.0.0.1 at Mon Feb 21 11:41:28 -0800 2011
  Processing by UsersController#show as HTML
  Parameters: {"id"=>"1"}
  [1m[36mUser Load (0.1ms)[0m  [1mSELECT "users".* FROM "users" WHERE "users"."id" = 1 LIMIT 1[0m
Rendered users/show.html.erb within layouts/application (4.7ms)
Completed 200 OK in 14ms (Views: 9.2ms | ActiveRecord: 0.1ms)


Started GET "/users" for 127.0.0.1 at Mon Feb 21 11:41:54 -0800 2011
  Processing by UsersController#index as HTML
  [1m[35mUser Load (0.4ms)[0m  SELECT "users".* FROM "users"
Rendered users/index.html.erb within layouts/application (6.4ms)
Completed 200 OK in 372ms (Views: 368.0ms | ActiveRecord: 0.4ms)


Started GET "/users/790800257" for 127.0.0.1 at Mon Feb 21 11:41:58 -0800 2011
  Processing by UsersController#show as HTML
  Parameters: {"id"=>"790800257"}
  [1m[36mUser Load (0.1ms)[0m  [1mSELECT "users".* FROM "users" WHERE "users"."id" = 790800257 LIMIT 1[0m
Completed   in 4ms

ActiveRecord::RecordNotFound (Couldn't find User with ID=790800257):
  app/controllers/users_controller.rb:16:in `show'

Rendered /Library/Ruby/Gems/1.8/gems/actionpack-3.0.4/lib/action_dispatch/middleware/templates/rescues/_trace.erb (0.8ms)
Rendered /Library/Ruby/Gems/1.8/gems/actionpack-3.0.4/lib/action_dispatch/middleware/templates/rescues/_request_and_response.erb (3.8ms)
Rendered /Library/Ruby/Gems/1.8/gems/actionpack-3.0.4/lib/action_dispatch/middleware/templates/rescues/diagnostics.erb within rescues/layout (54.1ms)


Started GET "/users/790800257" for 127.0.0.1 at Mon Feb 21 11:44:05 -0800 2011
  Processing by UsersController#show as HTML
  Parameters: {"id"=>"790800257"}
  [1m[35mUser Load (0.3ms)[0m  SELECT "users".* FROM "users" WHERE "users"."facebook_id" = '790800257' LIMIT 1
Rendered users/show.html.erb within layouts/application (5.3ms)
Completed 200 OK in 22ms (Views: 10.6ms | ActiveRecord: 0.3ms)


Started GET "/users/new" for 127.0.0.1 at Mon Feb 21 11:44:36 -0800 2011
  Processing by UsersController#new as HTML
Rendered users/_form.html.erb (5.8ms)
Rendered users/new.html.erb within layouts/application (9.5ms)
Completed 200 OK in 59ms (Views: 55.3ms | ActiveRecord: 0.0ms)


Started POST "/users" for 127.0.0.1 at Mon Feb 21 11:44:45 -0800 2011
  Processing by UsersController#create as HTML
  Parameters: {"commit"=>"Create User", "authenticity_token"=>"nSh+7YSdu6WFGkBkEXpgHCecyVMBcKt92gwlz17YDS0=", "utf8"=>"✓", "user"=>{"facebook_id"=>"121212", "last_name"=>"Labovitz", "first_name"=>"John"}}
  [1m[36mAREL (18.1ms)[0m  [1mINSERT INTO "users" ("facebook_id", "first_name", "created_at", "updated_at", "last_name") VALUES ('121212', 'John', '2011-02-21 19:44:45.754392', '2011-02-21 19:44:45.754392', 'Labovitz')[0m
Redirected to http://localhost:3000/users/121212
Completed 302 Found in 30ms


Started GET "/users/121212" for 127.0.0.1 at Mon Feb 21 11:44:45 -0800 2011
  Processing by UsersController#show as HTML
  Parameters: {"id"=>"121212"}
  [1m[35mUser Load (0.1ms)[0m  SELECT "users".* FROM "users" WHERE "users"."facebook_id" = '121212' LIMIT 1
Rendered users/show.html.erb within layouts/application (6.2ms)
Completed 200 OK in 18ms (Views: 11.4ms | ActiveRecord: 0.1ms)


Started GET "/users" for 127.0.0.1 at Mon Feb 21 11:44:49 -0800 2011
  Processing by UsersController#index as HTML
  [1m[36mUser Load (0.5ms)[0m  [1mSELECT "users".* FROM "users"[0m
Rendered users/index.html.erb within layouts/application (62.9ms)
Completed 200 OK in 77ms (Views: 71.0ms | ActiveRecord: 0.5ms)


Started GET "/users/121212" for 127.0.0.1 at Mon Feb 21 11:44:51 -0800 2011
  Processing by UsersController#show as HTML
  Parameters: {"id"=>"121212"}
  [1m[35mUser Load (0.1ms)[0m  SELECT "users".* FROM "users" WHERE "users"."facebook_id" = '121212' LIMIT 1
Rendered users/show.html.erb within layouts/application (4.7ms)
Completed 200 OK in 14ms (Views: 9.8ms | ActiveRecord: 0.1ms)


Started GET "/users/121212.xml" for 127.0.0.1 at Mon Feb 21 11:44:55 -0800 2011
  Processing by UsersController#show as XML
  Parameters: {"id"=>"121212"}
  [1m[36mUser Load (0.1ms)[0m  [1mSELECT "users".* FROM "users" WHERE "users"."facebook_id" = '121212' LIMIT 1[0m
Completed 200 OK in 11ms (Views: 6.0ms | ActiveRecord: 0.1ms)


Started GET "/users/121212.xml" for 127.0.0.1 at Mon Feb 21 12:13:05 -0800 2011
  Processing by UsersController#show as XML
  Parameters: {"id"=>"121212"}
  [1m[35mUser Load (0.1ms)[0m  SELECT "users".* FROM "users" WHERE "users"."facebook_id" = '121212' LIMIT 1
Completed 200 OK in 10ms (Views: 5.0ms | ActiveRecord: 0.1ms)
